{"/Users/fengyuanzhou/Desktop/ProjectStructureKit/src/commands/hooks.js": {"path":"/Users/fengyuanzhou/Desktop/ProjectStructureKit/src/commands/hooks.js","statementMap":{"0":{"start":{"line":1,"column":14},"end":{"line":1,"column":30}},"1":{"start":{"line":2,"column":11},"end":{"line":2,"column":33}},"2":{"start":{"line":3,"column":13},"end":{"line":3,"column":28}},"3":{"start":{"line":4,"column":24},"end":{"line":4,"column":59}},"4":{"start":{"line":7,"column":2},"end":{"line":13,"column":3}},"5":{"start":{"line":8,"column":23},"end":{"line":8,"column":73}},"6":{"start":{"line":9,"column":23},"end":{"line":9,"column":60}},"7":{"start":{"line":10,"column":4},"end":{"line":10,"column":34}},"8":{"start":{"line":12,"column":4},"end":{"line":12,"column":50}},"9":{"start":{"line":17,"column":2},"end":{"line":20,"column":4}},"10":{"start":{"line":24,"column":2},"end":{"line":70,"column":3}},"11":{"start":{"line":25,"column":19},"end":{"line":25,"column":37}},"12":{"start":{"line":26,"column":25},"end":{"line":26,"column":59}},"13":{"start":{"line":28,"column":4},"end":{"line":62,"column":5}},"14":{"start":{"line":30,"column":8},"end":{"line":33,"column":9}},"15":{"start":{"line":31,"column":10},"end":{"line":31,"column":57}},"16":{"start":{"line":32,"column":10},"end":{"line":32,"column":17}},"17":{"start":{"line":34,"column":8},"end":{"line":34,"column":41}},"18":{"start":{"line":35,"column":8},"end":{"line":35,"column":34}},"19":{"start":{"line":36,"column":8},"end":{"line":36,"column":33}},"20":{"start":{"line":37,"column":8},"end":{"line":37,"column":51}},"21":{"start":{"line":38,"column":8},"end":{"line":38,"column":14}},"22":{"start":{"line":41,"column":8},"end":{"line":44,"column":9}},"23":{"start":{"line":42,"column":10},"end":{"line":42,"column":57}},"24":{"start":{"line":43,"column":10},"end":{"line":43,"column":17}},"25":{"start":{"line":45,"column":8},"end":{"line":45,"column":43}},"26":{"start":{"line":46,"column":8},"end":{"line":46,"column":35}},"27":{"start":{"line":47,"column":8},"end":{"line":47,"column":33}},"28":{"start":{"line":48,"column":8},"end":{"line":48,"column":51}},"29":{"start":{"line":49,"column":8},"end":{"line":49,"column":14}},"30":{"start":{"line":52,"column":26},"end":{"line":52,"column":62}},"31":{"start":{"line":53,"column":8},"end":{"line":56,"column":9}},"32":{"start":{"line":54,"column":10},"end":{"line":54,"column":51}},"33":{"start":{"line":55,"column":10},"end":{"line":55,"column":17}},"34":{"start":{"line":57,"column":8},"end":{"line":57,"column":72}},"35":{"start":{"line":58,"column":8},"end":{"line":58,"column":14}},"36":{"start":{"line":61,"column":8},"end":{"line":61,"column":33}},"37":{"start":{"line":64,"column":4},"end":{"line":69,"column":5}},"38":{"start":{"line":65,"column":6},"end":{"line":65,"column":46}},"39":{"start":{"line":66,"column":6},"end":{"line":66,"column":22}},"40":{"start":{"line":68,"column":6},"end":{"line":68,"column":18}},"41":{"start":{"line":73,"column":0},"end":{"line":73,"column":29}}},"fnMap":{"0":{"name":"loadConfig","decl":{"start":{"line":6,"column":15},"end":{"line":6,"column":25}},"loc":{"start":{"line":6,"column":28},"end":{"line":14,"column":1}},"line":6},"1":{"name":"saveConfig","decl":{"start":{"line":16,"column":15},"end":{"line":16,"column":25}},"loc":{"start":{"line":16,"column":34},"end":{"line":21,"column":1}},"line":16},"2":{"name":"manageHooks","decl":{"start":{"line":23,"column":15},"end":{"line":23,"column":26}},"loc":{"start":{"line":23,"column":35},"end":{"line":71,"column":1}},"line":23}},"branchMap":{"0":{"loc":{"start":{"line":28,"column":4},"end":{"line":62,"column":5}},"type":"switch","locations":[{"start":{"line":29,"column":6},"end":{"line":38,"column":14}},{"start":{"line":40,"column":6},"end":{"line":49,"column":14}},{"start":{"line":51,"column":6},"end":{"line":58,"column":14}},{"start":{"line":60,"column":6},"end":{"line":61,"column":33}}],"line":28},"1":{"loc":{"start":{"line":30,"column":8},"end":{"line":33,"column":9}},"type":"if","locations":[{"start":{"line":30,"column":8},"end":{"line":33,"column":9}},{"start":{},"end":{}}],"line":30},"2":{"loc":{"start":{"line":41,"column":8},"end":{"line":44,"column":9}},"type":"if","locations":[{"start":{"line":41,"column":8},"end":{"line":44,"column":9}},{"start":{},"end":{}}],"line":41},"3":{"loc":{"start":{"line":53,"column":8},"end":{"line":56,"column":9}},"type":"if","locations":[{"start":{"line":53,"column":8},"end":{"line":56,"column":9}},{"start":{},"end":{}}],"line":53},"4":{"loc":{"start":{"line":57,"column":36},"end":{"line":57,"column":70}},"type":"cond-expr","locations":[{"start":{"line":57,"column":57},"end":{"line":57,"column":62}},{"start":{"line":57,"column":65},"end":{"line":57,"column":70}}],"line":57},"5":{"loc":{"start":{"line":64,"column":4},"end":{"line":69,"column":5}},"type":"if","locations":[{"start":{"line":64,"column":4},"end":{"line":69,"column":5}},{"start":{"line":67,"column":11},"end":{"line":69,"column":5}}],"line":64}},"s":{"0":1,"1":1,"2":1,"3":1,"4":11,"5":11,"6":11,"7":10,"8":1,"9":4,"10":11,"11":11,"12":10,"13":10,"14":4,"15":1,"16":1,"17":3,"18":3,"19":3,"20":3,"21":3,"22":2,"23":1,"24":1,"25":1,"26":1,"27":1,"28":1,"29":1,"30":3,"31":3,"32":1,"33":1,"34":2,"35":2,"36":1,"37":2,"38":1,"39":1,"40":1,"41":1},"f":{"0":11,"1":4,"2":11},"b":{"0":[4,2,3,1],"1":[1,3],"2":[1,1],"3":[1,2],"4":[1,1],"5":[1,1]},"_coverageSchema":"1a1c01bbd47fc00a2c39e90264f33305004495a9","hash":"005ab216519d7ff8aff61c8eda9b5ce97d3722c1"}
,"/Users/fengyuanzhou/Desktop/ProjectStructureKit/src/utils/GitHooksManager.js": {"path":"/Users/fengyuanzhou/Desktop/ProjectStructureKit/src/utils/GitHooksManager.js","statementMap":{"0":{"start":{"line":1,"column":11},"end":{"line":1,"column":33}},"1":{"start":{"line":2,"column":13},"end":{"line":2,"column":28}},"2":{"start":{"line":3,"column":14},"end":{"line":3,"column":30}},"3":{"start":{"line":7,"column":4},"end":{"line":7,"column":35}},"4":{"start":{"line":8,"column":4},"end":{"line":8,"column":49}},"5":{"start":{"line":9,"column":4},"end":{"line":9,"column":52}},"6":{"start":{"line":10,"column":4},"end":{"line":10,"column":64}},"7":{"start":{"line":14,"column":4},"end":{"line":21,"column":5}},"8":{"start":{"line":15,"column":25},"end":{"line":17,"column":8}},"9":{"start":{"line":18,"column":6},"end":{"line":18,"column":27}},"10":{"start":{"line":20,"column":6},"end":{"line":20,"column":18}},"11":{"start":{"line":25,"column":4},"end":{"line":30,"column":5}},"12":{"start":{"line":26,"column":6},"end":{"line":26,"column":35}},"13":{"start":{"line":27,"column":6},"end":{"line":27,"column":18}},"14":{"start":{"line":29,"column":6},"end":{"line":29,"column":19}},"15":{"start":{"line":34,"column":4},"end":{"line":46,"column":5}},"16":{"start":{"line":35,"column":21},"end":{"line":37,"column":27}},"17":{"start":{"line":36,"column":20},"end":{"line":36,"column":24}},"18":{"start":{"line":37,"column":21},"end":{"line":37,"column":26}},"19":{"start":{"line":39,"column":6},"end":{"line":42,"column":7}},"20":{"start":{"line":40,"column":8},"end":{"line":40,"column":76}},"21":{"start":{"line":41,"column":8},"end":{"line":41,"column":20}},"22":{"start":{"line":43,"column":6},"end":{"line":43,"column":19}},"23":{"start":{"line":45,"column":6},"end":{"line":45,"column":52}},"24":{"start":{"line":50,"column":4},"end":{"line":62,"column":5}},"25":{"start":{"line":51,"column":27},"end":{"line":53,"column":27}},"26":{"start":{"line":52,"column":20},"end":{"line":52,"column":24}},"27":{"start":{"line":53,"column":21},"end":{"line":53,"column":26}},"28":{"start":{"line":55,"column":6},"end":{"line":58,"column":7}},"29":{"start":{"line":56,"column":8},"end":{"line":56,"column":76}},"30":{"start":{"line":57,"column":8},"end":{"line":57,"column":20}},"31":{"start":{"line":59,"column":6},"end":{"line":59,"column":19}},"32":{"start":{"line":61,"column":6},"end":{"line":61,"column":52}},"33":{"start":{"line":66,"column":4},"end":{"line":68,"column":5}},"34":{"start":{"line":67,"column":6},"end":{"line":67,"column":46}},"35":{"start":{"line":70,"column":4},"end":{"line":134,"column":5}},"36":{"start":{"line":72,"column":31},"end":{"line":72,"column":72}},"37":{"start":{"line":73,"column":6},"end":{"line":75,"column":7}},"38":{"start":{"line":74,"column":8},"end":{"line":74,"column":123}},"39":{"start":{"line":78,"column":6},"end":{"line":78,"column":30}},"40":{"start":{"line":81,"column":26},"end":{"line":120,"column":1}},"41":{"start":{"line":123,"column":6},"end":{"line":123,"column":57}},"42":{"start":{"line":126,"column":6},"end":{"line":126,"column":75}},"43":{"start":{"line":129,"column":6},"end":{"line":129,"column":48}},"44":{"start":{"line":131,"column":6},"end":{"line":131,"column":18}},"45":{"start":{"line":133,"column":6},"end":{"line":133,"column":52}},"46":{"start":{"line":138,"column":4},"end":{"line":150,"column":5}},"47":{"start":{"line":140,"column":23},"end":{"line":140,"column":47}},"48":{"start":{"line":142,"column":6},"end":{"line":145,"column":7}},"49":{"start":{"line":144,"column":8},"end":{"line":144,"column":60}},"50":{"start":{"line":147,"column":6},"end":{"line":147,"column":18}},"51":{"start":{"line":149,"column":6},"end":{"line":149,"column":52}},"52":{"start":{"line":154,"column":0},"end":{"line":154,"column":33}}},"fnMap":{"0":{"name":"(anonymous_0)","decl":{"start":{"line":6,"column":2},"end":{"line":6,"column":3}},"loc":{"start":{"line":6,"column":27},"end":{"line":11,"column":3}},"line":6},"1":{"name":"(anonymous_1)","decl":{"start":{"line":13,"column":2},"end":{"line":13,"column":3}},"loc":{"start":{"line":13,"column":26},"end":{"line":22,"column":3}},"line":13},"2":{"name":"(anonymous_2)","decl":{"start":{"line":24,"column":2},"end":{"line":24,"column":3}},"loc":{"start":{"line":24,"column":26},"end":{"line":31,"column":3}},"line":24},"3":{"name":"(anonymous_3)","decl":{"start":{"line":33,"column":2},"end":{"line":33,"column":3}},"loc":{"start":{"line":33,"column":21},"end":{"line":47,"column":3}},"line":33},"4":{"name":"(anonymous_4)","decl":{"start":{"line":36,"column":14},"end":{"line":36,"column":15}},"loc":{"start":{"line":36,"column":20},"end":{"line":36,"column":24}},"line":36},"5":{"name":"(anonymous_5)","decl":{"start":{"line":37,"column":15},"end":{"line":37,"column":16}},"loc":{"start":{"line":37,"column":21},"end":{"line":37,"column":26}},"line":37},"6":{"name":"(anonymous_6)","decl":{"start":{"line":49,"column":2},"end":{"line":49,"column":3}},"loc":{"start":{"line":49,"column":22},"end":{"line":63,"column":3}},"line":49},"7":{"name":"(anonymous_7)","decl":{"start":{"line":52,"column":14},"end":{"line":52,"column":15}},"loc":{"start":{"line":52,"column":20},"end":{"line":52,"column":24}},"line":52},"8":{"name":"(anonymous_8)","decl":{"start":{"line":53,"column":15},"end":{"line":53,"column":16}},"loc":{"start":{"line":53,"column":21},"end":{"line":53,"column":26}},"line":53},"9":{"name":"(anonymous_9)","decl":{"start":{"line":65,"column":2},"end":{"line":65,"column":3}},"loc":{"start":{"line":65,"column":22},"end":{"line":135,"column":3}},"line":65},"10":{"name":"(anonymous_10)","decl":{"start":{"line":137,"column":2},"end":{"line":137,"column":3}},"loc":{"start":{"line":137,"column":24},"end":{"line":151,"column":3}},"line":137},"11":{"name":"(anonymous_11)","decl":{"start":{"line":144,"column":50},"end":{"line":144,"column":51}},"loc":{"start":{"line":144,"column":56},"end":{"line":144,"column":58}},"line":144}},"branchMap":{"0":{"loc":{"start":{"line":39,"column":6},"end":{"line":42,"column":7}},"type":"if","locations":[{"start":{"line":39,"column":6},"end":{"line":42,"column":7}},{"start":{},"end":{}}],"line":39},"1":{"loc":{"start":{"line":55,"column":6},"end":{"line":58,"column":7}},"type":"if","locations":[{"start":{"line":55,"column":6},"end":{"line":58,"column":7}},{"start":{},"end":{}}],"line":55},"2":{"loc":{"start":{"line":66,"column":4},"end":{"line":68,"column":5}},"type":"if","locations":[{"start":{"line":66,"column":4},"end":{"line":68,"column":5}},{"start":{},"end":{}}],"line":66},"3":{"loc":{"start":{"line":73,"column":6},"end":{"line":75,"column":7}},"type":"if","locations":[{"start":{"line":73,"column":6},"end":{"line":75,"column":7}},{"start":{},"end":{}}],"line":73},"4":{"loc":{"start":{"line":142,"column":6},"end":{"line":145,"column":7}},"type":"if","locations":[{"start":{"line":142,"column":6},"end":{"line":145,"column":7}},{"start":{},"end":{}}],"line":142}},"s":{"0":2,"1":2,"2":2,"3":21,"4":21,"5":21,"6":21,"7":6,"8":6,"9":0,"10":6,"11":12,"12":12,"13":9,"14":3,"15":9,"16":9,"17":5,"18":4,"19":9,"20":5,"21":5,"22":4,"23":0,"24":5,"25":5,"26":2,"27":3,"28":5,"29":2,"30":2,"31":3,"32":0,"33":7,"34":1,"35":6,"36":6,"37":6,"38":0,"39":6,"40":6,"41":6,"42":6,"43":6,"44":6,"45":0,"46":3,"47":3,"48":3,"49":2,"50":3,"51":0,"52":2},"f":{"0":21,"1":6,"2":12,"3":9,"4":5,"5":4,"6":5,"7":2,"8":3,"9":7,"10":3,"11":0},"b":{"0":[5,4],"1":[2,3],"2":[1,6],"3":[0,6],"4":[2,1]},"_coverageSchema":"1a1c01bbd47fc00a2c39e90264f33305004495a9","hash":"28fdb3acf2fa9738950bd18160b0b8f7cb6c3929"}
}
