TN:
SF:src/commands/hooks.js
FN:6,loadConfig
FN:16,saveConfig
FN:23,manageHooks
FNF:3
FNH:3
FNDA:11,loadConfig
FNDA:4,saveConfig
FNDA:11,manageHooks
DA:1,1
DA:2,1
DA:3,1
DA:4,1
DA:7,11
DA:8,11
DA:9,11
DA:10,10
DA:12,1
DA:17,4
DA:24,11
DA:25,11
DA:26,10
DA:28,10
DA:30,4
DA:31,1
DA:32,1
DA:34,3
DA:35,3
DA:36,3
DA:37,3
DA:38,3
DA:41,2
DA:42,1
DA:43,1
DA:45,1
DA:46,1
DA:47,1
DA:48,1
DA:49,1
DA:52,3
DA:53,3
DA:54,1
DA:55,1
DA:57,2
DA:58,2
DA:61,1
DA:64,2
DA:65,1
DA:66,1
DA:68,1
DA:73,1
LF:42
LH:42
BRDA:28,0,0,4
BRDA:28,0,1,2
BRDA:28,0,2,3
BRDA:28,0,3,1
BRDA:30,1,0,1
BRDA:30,1,1,3
BRDA:41,2,0,1
BRDA:41,2,1,1
BRDA:53,3,0,1
BRDA:53,3,1,2
BRDA:57,4,0,1
BRDA:57,4,1,1
BRDA:64,5,0,1
BRDA:64,5,1,1
BRF:14
BRH:14
end_of_record
TN:
SF:src/utils/GitHooksManager.js
FN:6,(anonymous_0)
FN:13,(anonymous_1)
FN:24,(anonymous_2)
FN:33,(anonymous_3)
FN:36,(anonymous_4)
FN:37,(anonymous_5)
FN:49,(anonymous_6)
FN:52,(anonymous_7)
FN:53,(anonymous_8)
FN:65,(anonymous_9)
FN:137,(anonymous_10)
FN:144,(anonymous_11)
FNF:12
FNH:11
FNDA:21,(anonymous_0)
FNDA:6,(anonymous_1)
FNDA:12,(anonymous_2)
FNDA:9,(anonymous_3)
FNDA:5,(anonymous_4)
FNDA:4,(anonymous_5)
FNDA:5,(anonymous_6)
FNDA:2,(anonymous_7)
FNDA:3,(anonymous_8)
FNDA:7,(anonymous_9)
FNDA:3,(anonymous_10)
FNDA:0,(anonymous_11)
DA:1,2
DA:2,2
DA:3,2
DA:7,21
DA:8,21
DA:9,21
DA:10,21
DA:14,6
DA:15,6
DA:18,0
DA:20,6
DA:25,12
DA:26,12
DA:27,9
DA:29,3
DA:34,9
DA:35,9
DA:36,5
DA:37,4
DA:39,9
DA:40,5
DA:41,5
DA:43,4
DA:45,0
DA:50,5
DA:51,5
DA:52,2
DA:53,3
DA:55,5
DA:56,2
DA:57,2
DA:59,3
DA:61,0
DA:66,7
DA:67,1
DA:70,6
DA:72,6
DA:73,6
DA:74,0
DA:78,6
DA:81,6
DA:123,6
DA:126,6
DA:129,6
DA:131,6
DA:133,0
DA:138,3
DA:140,3
DA:142,3
DA:144,2
DA:147,3
DA:149,0
DA:154,2
LF:53
LH:47
BRDA:39,0,0,5
BRDA:39,0,1,4
BRDA:55,1,0,2
BRDA:55,1,1,3
BRDA:66,2,0,1
BRDA:66,2,1,6
BRDA:73,3,0,0
BRDA:73,3,1,6
BRDA:142,4,0,2
BRDA:142,4,1,1
BRF:10
BRH:9
end_of_record
